<?xml version="1.0" encoding="UTF-8"?>
<testng-results skipped="0" failed="0" ignored="0" total="1" passed="1">
  <reporter-output>
  </reporter-output>
  <suite name="Suite" duration-ms="48141" started-at="2020-07-11T11:56:20 IST" finished-at="2020-07-11T11:57:08 IST">
    <groups>
    </groups>
    <test name="Test" duration-ms="48141" started-at="2020-07-11T11:56:20 IST" finished-at="2020-07-11T11:57:08 IST">
      <class name="TESTclass.TESTFacebookNewAccount">
        <test-method status="PASS" signature="basic()[pri:0, instance:TESTclass.TESTFacebookNewAccount@cd2dae5]" name="basic" is-config="true" duration-ms="23541" started-at="2020-07-11T11:56:20 IST" finished-at="2020-07-11T11:56:44 IST">
          <reporter-output>
          </reporter-output>
        </test-method> <!-- basic -->
        <test-method status="PASS" signature="submit()[pri:0, instance:TESTclass.TESTFacebookNewAccount@cd2dae5]" name="submit" duration-ms="24421" started-at="2020-07-11T11:56:44 IST" finished-at="2020-07-11T11:57:08 IST">
          <reporter-output>
          </reporter-output>
        </test-method> <!-- submit -->
        <test-method status="PASS" signature="close()[pri:0, instance:TESTclass.TESTFacebookNewAccount@cd2dae5]" name="close" is-config="true" duration-ms="0" started-at="2020-07-11T11:57:08 IST" finished-at="2020-07-11T11:57:08 IST">
          <reporter-output>
          </reporter-output>
        </test-method> <!-- close -->
      </class> <!-- TESTclass.TESTFacebookNewAccount -->
    </test> <!-- Test -->
  </suite> <!-- Suite -->
</testng-results>
